2017-12-16 21:25:56,779 - main - dataset_name: birds
2017-12-16 21:25:56,918 - main - classifier name: binary_relevance
2017-12-16 21:25:56,918 - main - accuracy_train: 0.0807453416149
2017-12-16 21:25:56,920 - main - accuracy_test: 0.0959752321981
2017-12-16 21:25:57,089 - main - classifier name: classifier_chain
2017-12-16 21:25:57,089 - main - accuracy_train: 0.0900621118012
2017-12-16 21:25:57,091 - main - accuracy_test: 0.0990712074303
2017-12-16 21:25:57,293 - main - classifier name: label_powerset
2017-12-16 21:25:57,295 - main - accuracy_train: 0.39751552795
2017-12-16 21:25:57,295 - main - accuracy_test: 0.108359133127
2017-12-16 21:25:57,608 - main - classifier name: decision_tree
2017-12-16 21:25:57,608 - main - accuracy_train: 1.0
2017-12-16 21:25:57,609 - main - accuracy_test: 0.445820433437
2017-12-16 21:25:58,625 - main - classifier name: knn
2017-12-16 21:25:58,627 - main - accuracy_train: 0.506211180124
2017-12-16 21:25:58,627 - main - accuracy_test: 0.56346749226
2017-12-16 21:25:58,684 - main - classifier name: random_forest
2017-12-16 21:25:58,686 - main - accuracy_train: 0.509316770186
2017-12-16 21:25:58,687 - main - accuracy_test: 0.569659442724
2017-12-16 21:25:58,687 - main - ***************************************************************************
2017-12-16 21:33:23,707 - main - dataset_name: birds
2017-12-16 21:33:23,707 - main - classifier name: binary_relevance
2017-12-16 21:33:23,750 - main - fit_time: 0.0409998893738s
2017-12-16 21:33:23,802 - main - accuracy_train: 0.0807453416149
2017-12-16 21:33:23,802 - main - accuracy_test: 0.0959752321981
2017-12-16 21:33:23,803 - main - classifier name: classifier_chain
2017-12-16 21:33:23,851 - main - fit_time: 0.0460000038147s
2017-12-16 21:33:23,947 - main - accuracy_train: 0.0900621118012
2017-12-16 21:33:23,947 - main - accuracy_test: 0.0990712074303
2017-12-16 21:33:23,948 - main - classifier name: label_powerset
2017-12-16 21:33:23,963 - main - fit_time: 0.0130000114441s
2017-12-16 21:33:24,095 - main - accuracy_train: 0.39751552795
2017-12-16 21:33:24,095 - main - accuracy_test: 0.108359133127
2017-12-16 21:33:24,096 - main - classifier name: decision_tree
2017-12-16 21:33:24,407 - main - fit_time: 0.310000181198s
2017-12-16 21:33:24,411 - main - accuracy_train: 1.0
2017-12-16 21:33:24,411 - main - accuracy_test: 0.445820433437
2017-12-16 21:33:24,413 - main - classifier name: knn
2017-12-16 21:33:24,744 - main - fit_time: 0.330999851227s
2017-12-16 21:33:25,346 - main - accuracy_train: 0.506211180124
2017-12-16 21:33:25,346 - main - accuracy_test: 0.56346749226
2017-12-16 21:33:25,348 - main - classifier name: random_forest
2017-12-16 21:33:25,392 - main - fit_time: 0.0449998378754s
2017-12-16 21:33:25,408 - main - accuracy_train: 0.509316770186
2017-12-16 21:33:25,410 - main - accuracy_test: 0.569659442724
2017-12-16 21:33:25,411 - main - ***************************************************************************
