2017-12-16 21:22:06,194 - main - dataset_name: random_generated
2017-12-16 21:22:06,209 - main - classifier name: binary_relevance
2017-12-16 21:22:06,210 - main - accuracy_train: 0.8375
2017-12-16 21:22:06,210 - main - accuracy_test: 0.75
2017-12-16 21:22:06,226 - main - classifier name: classifier_chain
2017-12-16 21:22:06,226 - main - accuracy_train: 0.6625
2017-12-16 21:22:06,226 - main - accuracy_test: 0.65
2017-12-16 21:22:06,243 - main - classifier name: label_powerset
2017-12-16 21:22:06,243 - main - accuracy_train: 0.8875
2017-12-16 21:22:06,243 - main - accuracy_test: 0.8
2017-12-16 21:22:06,246 - main - classifier name: decision_tree
2017-12-16 21:22:06,247 - main - accuracy_train: 1.0
2017-12-16 21:22:06,247 - main - accuracy_test: 0.6
2017-12-16 21:22:06,434 - main - classifier name: knn
2017-12-16 21:22:06,434 - main - accuracy_train: 0.7875
2017-12-16 21:22:06,434 - main - accuracy_test: 0.8
2017-12-16 21:22:06,467 - main - classifier name: random_forest
2017-12-16 21:22:06,469 - main - accuracy_train: 0.7875
2017-12-16 21:22:06,469 - main - accuracy_test: 0.8
2017-12-16 21:22:06,494 - main - X_train: 
[[  2.   1.   2.   3.   5.   2.   3.   2.   6.   3.   3.   1.   2.   0.   3.   2.   2.   2.   2.   7.]
 [  9.   0.   2.   6.   1.   3.   2.   0.   3.   3.   1.   1.   2.   0.   1.   3.   2.   1.   1.   1.]
 [  5.   4.   0.   4.   1.   1.   3.   2.   6.   1.   3.   2.   3.   3.   1.   2.   3.   4.   1.   4.]
 [  4.   3.   4.   1.   5.   1.   2.   3.   3.   0.   5.   3.   4.   4.   2.   0.   0.   2.   1.   2.]
 [  1.   2.   2.   3.   3.   5.   2.   3.   2.   0.   2.   0.   5.   4.   3.   4.   2.   2.   2.   5.]
 [  2.   0.   3.   2.   2.   2.   3.   2.   1.   3.   4.   0.   4.   1.   5.   2.   4.   1.   0.   4.]
 [  3.   3.   0.   3.   2.   2.   1.   3.   4.   0.   3.   2.   1.   3.   4.   3.   4.   4.   0.   1.]
 [  1.   4.   1.   3.   5.   1.   5.   4.   3.   2.   3.   2.   3.   3.   4.   2.   3.   3.   3.   2.]
 [  2.   2.   4.   5.   2.   0.   2.   5.   2.   0.   5.   4.   2.   4.  10.   2.   4.   3.   1.   3.]
 [  2.   0.   1.   1.   3.   3.   1.   0.   5.   1.   6.   5.   0.   5.   6.   2.   4.   3.   5.   0.]
 [  5.   4.   1.   3.   2.   6.   5.   6.   1.   1.   3.   2.   2.   2.   1.   2.   5.   0.   2.   2.]
 [  1.   0.   2.   2.   5.   2.   6.   4.   3.   0.   2.   1.   2.   1.   3.   3.   1.   0.   2.   3.]
 [  6.   1.   1.   3.   2.   2.   5.   0.   2.   2.   9.   4.   4.   0.   2.   3.   4.   0.   1.   2.]
 [  1.   1.   2.   2.   4.   4.   4.   5.   2.   1.   1.   4.   1.   2.   0.   2.   3.   1.   0.   1.]
 [  1.   3.   1.   1.   2.   6.   1.   3.   1.   3.   2.   0.   4.   1.   3.   0.   2.   1.   0.   5.]
 [  0.   1.   1.   3.   5.   5.   2.   3.   0.   1.   4.   1.   5.   0.   9.   0.   5.   2.   2.   8.]
 [  3.   0.   1.   3.   3.   5.   3.   4.   2.   3.   4.   1.   3.   2.   4.   1.   3.   4.   1.   2.]
 [  4.   5.   3.   3.   6.   5.   4.   1.   2.   1.   3.   0.   3.   3.   2.   1.   3.   1.   7.   1.]
 [  1.   1.   3.   2.   3.   3.   0.   2.   0.   0.   2.   0.   7.   2.   2.   1.   1.   2.   4.   2.]
 [  3.   3.   3.   1.   4.   3.   3.   0.   2.   1.   3.   0.   4.   3.   5.   3.   6.   3.   2.   3.]
 [  1.   3.   4.   3.   1.   2.   3.   2.   3.   1.   1.   2.   4.   1.   4.   1.   1.   3.   2.   4.]
 [  2.   4.   2.   2.   2.   4.   4.   3.   4.   0.   3.   2.   2.   4.   3.   3.   2.   6.   2.   3.]
 [  2.   3.   1.   3.   1.   3.   0.   4.   2.   2.   5.   1.   4.   2.   5.   1.   0.   2.   1.   3.]
 [  2.   2.   3.   0.   3.   2.   0.   1.   1.   4.   7.   1.   3.   2.   3.   1.   4.   1.   2.   3.]
 [  2.   1.   2.   4.   5.   1.   2.   3.   7.   2.   5.   3.   4.   2.   5.   1.   1.   1.   4.   5.]
 [  3.   1.   1.   1.   5.   1.   2.   3.   3.   2.   2.   2.   5.   5.   7.   2.   2.   2.   6.   4.]
 [  2.   1.   1.   3.   2.   3.   3.   2.   2.   1.   2.   0.   2.   5.   4.   4.   3.   3.   0.   4.]
 [  3.   3.   5.   4.   2.   2.   2.   3.   2.   0.   8.   1.   6.   2.   3.   1.   1.   4.   3.   4.]
 [  1.   1.   3.   5.   3.   2.   3.   1.   3.   2.   1.   1.   2.   1.   7.   2.   1.   2.   2.   4.]
 [  3.   3.   2.   4.   4.   1.   2.   1.   4.   1.   3.   1.   1.   3.   0.   1.   4.   3.   1.   1.]
 [  2.   2.   2.   0.   1.   1.   2.   1.   4.   1.   5.   1.   7.   2.   3.   1.   2.   0.   2.   6.]
 [  1.   2.   1.   2.   2.   4.   0.   2.   3.   2.   0.   2.   2.   2.   2.   3.   7.   2.   4.   2.]
 [  3.   0.   3.   1.   4.   3.   1.   1.   2.   1.   5.   4.   2.   3.   1.   2.   6.   0.   0.   5.]
 [  6.   1.   2.   5.   3.   2.   2.   1.   1.   1.   8.   2.   2.   2.   7.   6.   3.   1.   0.   2.]
 [  2.   0.   1.   5.   1.   2.   5.   1.   3.   2.   4.   1.   4.   2.   3.   1.   2.   1.   0.   2.]
 [  3.   2.   4.   6.   4.   2.   2.   1.   1.   1.   2.   2.   8.   0.   4.   2.   3.   3.   2.   4.]
 [  2.   2.   0.   1.   2.   3.   3.   2.   4.   0.   5.   3.   0.   3.   3.   1.   1.   1.   2.   5.]
 [  0.   2.   5.   1.   3.   3.   5.   0.   6.   0.   1.   1.   5.   3.   1.   0.   2.   4.   2.   4.]
 [  5.   3.   2.   3.   8.   1.   3.   4.   3.   0.   6.   3.   5.   3.   3.   0.   4.   3.   3.   4.]
 [  0.   1.   0.   5.   1.   2.   1.   0.   2.   0.   1.   1.   4.   0.   3.   2.   6.   3.   2.   3.]
 [  5.   0.   1.   5.   3.   3.   5.   5.   3.   6.   4.   5.   4.   0.   8.   4.   2.   4.   2.   3.]
 [  1.   1.   2.   4.   4.   1.   3.   1.   5.   0.   4.   2.   2.   3.   4.   0.   2.   6.   3.   2.]
 [  3.   1.   3.   1.   2.   3.   2.   3.   1.   1.   5.   1.   2.   1.   6.   2.   5.   3.   0.   1.]
 [  5.   2.   4.   3.   3.   6.   3.   4.   3.   6.   4.   0.   2.   2.   4.   2.   4.   1.   0.   3.]
 [  4.   1.   1.   1.   2.   2.   1.   3.   2.   2.   3.   4.   5.   5.   4.   0.   2.   1.   1.   2.]
 [  2.   2.   4.   5.   1.   8.   6.   2.   2.   3.   2.   2.   2.   1.   4.   3.   2.   2.   1.   3.]
 [  3.   0.   3.   6.   5.   2.   3.   2.   0.   3.   3.   4.   2.   2.   2.   1.   7.   4.   6.   2.]
 [  0.   2.   4.   8.   3.   2.   1.   5.   0.   0.   1.   0.   3.   4.   1.   1.   3.   3.   4.   2.]
 [  2.   0.   0.   4.   0.   0.   6.   1.   2.   1.   4.   1.   3.   2.   2.   1.   1.   5.   0.   5.]
 [  2.   1.   1.   4.   6.   8.   1.   2.   0.   2.   3.   2.   3.   3.   2.   0.   5.   4.   3.   3.]
 [  3.   2.   3.   4.   5.   2.   2.   3.   1.   2.   1.   0.   5.   2.   4.   3.   2.   2.   1.   4.]
 [  2.   1.   2.   2.   2.   3.   0.   1.   2.   0.   4.   2.   3.   1.   2.   3.   1.   1.   0.   5.]
 [  3.   3.   2.   3.   2.   2.   3.   3.   3.   2.   4.   1.   1.   3.   3.   1.   4.   4.   6.   1.]
 [  1.   2.   4.   5.   2.   4.   3.   1.   6.   4.   1.   5.   4.   3.   2.   2.   3.   3.   1.   3.]
 [  1.   3.   2.   5.   5.   3.   4.   6.   2.   3.   4.   0.   1.   3.   1.   0.   2.   1.   1.   4.]
 [  2.   0.   0.   5.   1.   2.   3.   4.   2.   2.   6.   1.   3.   4.   4.   0.   6.   2.   2.   3.]
 [  2.   1.   0.   2.   4.   4.   3.   2.   3.   3.   2.   2.   3.   1.   6.   3.   3.   3.   0.   3.]
 [  0.   1.   1.   4.   3.   2.   2.   0.   3.   2.   3.   1.   3.   2.   3.   4.   1.   0.   1.   1.]
 [  1.   4.   1.   3.   1.   2.   1.   0.   2.   0.   5.   3.   2.   1.   1.   2.   6.   1.   0.   3.]
 [  2.   3.   1.   5.   1.   1.   4.   1.   3.   2.   2.   3.   1.   1.   4.   0.   0.   4.   1.   3.]
 [  2.   3.   2.   1.   4.   3.   1.   3.   8.   2.   2.   4.   4.   0.   2.   1.   2.   1.   2.   5.]
 [  0.   3.   5.   2.   2.   1.   4.   4.   4.   3.   3.   2.   3.   3.   0.   3.   4.   1.   1.   3.]
 [  1.   2.   0.   3.   4.   2.   2.   2.   1.   2.   3.   2.   2.   2.   3.   1.   3.   1.   2.   6.]
 [  2.   1.   0.   3.   4.   6.   4.   4.   1.   6.   3.   1.   3.   3.   5.   1.   2.   1.   2.   2.]
 [  4.   5.   2.   2.   4.   5.   6.   3.   2.   3.   3.   0.   1.   7.   3.   1.   2.   3.   2.   2.]
 [  4.   1.   1.   2.   2.   3.   0.   4.   2.   5.   4.   2.   2.   4.   2.   2.   1.   1.   1.   1.]
 [  7.   0.   3.   2.   2.   6.   3.   1.   3.   2.   5.   1.   1.   5.   4.   4.   1.   2.   2.   2.]
 [  7.   3.   0.   3.   1.   2.   3.   2.   2.   5.   4.   2.   1.   4.   5.   2.   4.   5.   2.   1.]
 [  6.   4.   0.   3.   2.   2.   0.   3.   2.   9.   4.   1.   3.   2.   3.   2.   2.   3.   2.   1.]
 [  1.   2.   1.   2.   7.   1.   0.   3.   1.   3.   2.   1.   3.   3.   5.   3.   4.   0.   3.   6.]
 [  0.   2.   3.   2.   4.   3.   2.   2.   1.   0.   6.   2.   1.   4.   0.   0.   4.   1.   2.   4.]
 [  4.   3.   3.   3.   2.   7.   3.   4.   5.   1.   4.   1.   3.   4.   4.   2.   1.   0.   3.   3.]
 [  3.   3.   1.   2.   4.   2.   6.   0.   9.   2.   3.   0.   4.   1.   1.   2.   1.   4.   2.   2.]
 [  1.   6.   2.   5.   6.   2.   0.   0.   2.   3.   3.   2.   3.   6.   4.   1.   2.   1.   2.   4.]
 [  2.   3.   0.   1.   5.   3.   4.   1.   2.   1.   1.   1.   1.   2.   2.   3.   3.   0.   1.   4.]
 [  4.   2.   2.   2.   2.   2.   1.   1.   4.   1.   5.   0.   1.   3.   4.   2.   2.   0.   1.   4.]
 [  3.   1.   3.   3.   1.   4.   5.   2.   5.   1.   7.   0.   6.   2.   2.   4.   4.   3.   2.   3.]
 [  1.   0.   1.   1.   5.   2.   2.   3.   5.   1.   4.   3.   2.   3.   2.   0.   4.   0.   1.   5.]
 [  1.   3.   2.   6.   3.   4.   3.   1.   2.   3.   2.   2.   3.   4.   5.   2.   4.   2.   4.   0.]
 [  2.   2.   2.   3.   2.   2.   2.   4.   3.   4.   3.   1.   2.   2.   1.   1.   2.   0.   0.   1.]]
2017-12-16 21:22:06,500 - main - y_train: 
[[1 1 1 1 1]
 [1 1 0 1 1]
 [0 1 1 1 1]
 [0 1 1 1 1]
 [1 1 1 1 1]
 [1 1 1 1 1]
 [1 1 1 1 1]
 [0 1 1 1 1]
 [1 1 1 1 1]
 [1 1 1 1 1]
 [1 1 1 1 1]
 [1 1 1 1 1]
 [0 1 1 1 0]
 [1 1 1 1 1]
 [1 1 1 1 1]
 [1 1 1 1 1]
 [1 1 1 0 1]
 [1 1 1 1 1]
 [1 1 1 1 1]
 [1 1 1 1 1]
 [1 1 1 1 1]
 [1 1 1 1 1]
 [1 1 1 1 1]
 [1 1 1 1 1]
 [1 1 1 1 1]
 [1 1 1 1 1]
 [1 1 1 1 1]
 [1 1 1 1 1]
 [1 1 1 1 1]
 [1 1 1 1 1]
 [1 1 1 1 1]
 [1 1 1 1 1]
 [1 1 1 1 1]
 [1 1 1 1 1]
 [1 1 1 1 1]
 [1 1 1 1 1]
 [1 1 1 1 1]
 [0 1 1 1 1]
 [1 1 1 1 1]
 [1 1 1 1 1]
 [1 1 1 1 1]
 [1 1 1 1 1]
 [1 1 1 1 1]
 [1 1 1 1 1]
 [1 1 1 1 1]
 [1 1 1 1 1]
 [1 1 1 1 1]
 [1 1 1 1 1]
 [1 1 1 1 1]
 [1 1 1 0 1]
 [1 1 0 1 1]
 [1 1 1 1 1]
 [1 1 1 1 1]
 [1 1 1 1 1]
 [1 1 1 1 1]
 [0 0 1 1 0]
 [1 1 1 1 1]
 [0 1 1 1 1]
 [1 1 1 1 1]
 [1 1 1 1 1]
 [1 1 1 1 1]
 [1 1 1 0 1]
 [1 1 1 1 1]
 [1 1 1 1 1]
 [0 1 1 1 1]
 [1 1 1 1 1]
 [1 1 1 1 1]
 [0 1 1 1 1]
 [0 1 1 1 1]
 [1 1 1 1 1]
 [0 1 1 1 1]
 [1 1 0 1 1]
 [1 1 1 1 1]
 [1 1 1 1 1]
 [1 1 1 1 1]
 [1 1 1 1 1]
 [1 1 1 1 1]
 [1 1 1 1 1]
 [1 1 1 1 1]
 [1 1 1 1 1]]
2017-12-16 21:22:06,509 - main - X_test: 
[[  6.   2.   4.   1.   3.   3.   2.   3.   2.   2.   4.   2.   5.   2.   2.   1.   2.   2.   2.   3.]
 [  1.   1.   1.   0.   4.   3.   2.   5.   0.   2.   4.   1.   5.   2.   3.   1.   3.   2.   1.   0.]
 [  2.   3.   3.   5.   1.   5.   2.   2.   5.   2.   3.   2.   4.   1.   3.   0.   1.   0.   4.   2.]
 [  3.   0.   0.   5.   0.   1.   2.   2.   1.   0.   6.   1.   3.   3.   7.   1.   3.   3.   2.   4.]
 [  3.   1.   4.   4.   3.   3.   8.   2.   3.   0.   2.   1.   1.   2.   5.   3.   3.   2.   2.   5.]
 [  4.   2.   1.   4.   1.   3.   4.   1.   0.   3.   1.   0.   4.   2.   6.   2.   6.   0.   3.   2.]
 [  1.   4.   1.   3.   5.   2.   3.   1.   7.   1.   4.   2.   6.   2.   1.   2.   3.   4.   3.   0.]
 [  0.   4.   5.   2.   2.   2.   1.   1.   1.   2.   4.   3.   3.   4.   4.   2.   2.   1.   4.   1.]
 [  3.   4.   2.   4.   6.   5.   3.   3.   3.   4.   4.   1.   4.   1.   4.   1.   1.   5.   3.   1.]
 [  3.   5.   3.   3.   4.   8.   3.   4.   1.   2.   3.   3.   3.   1.   0.   1.   1.   4.   4.   3.]
 [  1.   2.   2.   1.   3.   0.   4.   3.   2.   0.   4.   2.   2.   3.   6.   1.   4.   5.   2.   1.]
 [  3.   2.   2.   0.   5.   3.   2.   0.   3.   2.   5.   0.   5.   7.   5.   1.   4.   1.   2.   1.]
 [  1.   4.   3.   3.   2.   9.   5.   2.   3.   0.   3.   1.   4.   7.   4.   4.   3.   6.   0.   4.]
 [  2.   0.   3.   2.   6.   4.   3.   0.   1.   2.   0.   0.   5.   0.   4.   0.   5.   3.   2.   7.]
 [  0.   5.   2.   4.   2.   3.   5.   3.   2.   0.   2.   3.   4.   1.   5.   3.   0.   2.   1.   1.]
 [  1.   2.   0.   3.   2.   2.   3.   2.   2.   0.   3.   3.   4.   0.   1.   2.   0.   1.   0.   0.]
 [  1.   2.   2.   4.   2.   3.   3.   0.   2.   3.   3.   3.   4.   1.   2.   0.   1.   1.   0.   4.]
 [  3.   2.   1.   0.   4.   0.   1.   3.   1.   2.   2.   3.   2.   3.   5.   2.   1.   3.   1.   2.]
 [  0.   2.   2.   4.   1.   2.   3.   2.   7.   2.  10.   0.   6.   2.   0.   1.   1.   4.   2.   2.]
 [  3.   0.   1.   1.   2.   2.   1.   4.   5.   3.   4.   2.   2.   7.   6.   0.   2.   1.   3.   3.]]
2017-12-16 21:22:06,512 - main - y_test: 
[[0 1 1 1 1]
 [1 1 1 1 1]
 [1 1 1 1 1]
 [1 1 1 1 1]
 [1 1 1 1 1]
 [1 1 1 1 1]
 [1 1 1 1 1]
 [1 1 1 1 1]
 [1 1 1 1 1]
 [1 1 1 1 1]
 [1 1 1 1 1]
 [1 1 1 1 1]
 [1 1 1 1 1]
 [1 1 1 1 1]
 [1 1 1 1 1]
 [0 1 1 1 1]
 [0 1 1 1 1]
 [1 1 1 1 1]
 [0 1 0 1 1]
 [1 1 1 1 1]]
2017-12-16 21:22:06,513 - main - ***************************************************************************
2017-12-16 21:32:58,568 - main - dataset_name: random_generated
2017-12-16 21:32:58,569 - main - classifier name: binary_relevance
2017-12-16 21:33:09,450 - main - dataset_name: random_generated
2017-12-16 21:33:09,450 - main - classifier name: binary_relevance
2017-12-16 21:33:09,457 - main - fit_time: 0.00500011444092s
2017-12-16 21:33:09,463 - main - accuracy_train: 0.9125
2017-12-16 21:33:09,463 - main - accuracy_test: 0.7
2017-12-16 21:33:09,464 - main - classifier name: classifier_chain
2017-12-16 21:33:09,471 - main - fit_time: 0.00599980354309s
2017-12-16 21:33:09,482 - main - accuracy_train: 0.9125
2017-12-16 21:33:09,482 - main - accuracy_test: 0.7
2017-12-16 21:33:09,483 - main - classifier name: label_powerset
2017-12-16 21:33:09,486 - main - fit_time: 0.00300002098083s
2017-12-16 21:33:09,500 - main - accuracy_train: 0.925
2017-12-16 21:33:09,500 - main - accuracy_test: 0.7
2017-12-16 21:33:09,500 - main - classifier name: decision_tree
2017-12-16 21:33:09,503 - main - fit_time: 0.000999927520752s
2017-12-16 21:33:09,506 - main - accuracy_train: 1.0
2017-12-16 21:33:09,506 - main - accuracy_test: 0.55
2017-12-16 21:33:09,506 - main - classifier name: knn
2017-12-16 21:33:09,586 - main - fit_time: 0.0799999237061s
2017-12-16 21:33:09,658 - main - accuracy_train: 0.8
2017-12-16 21:33:09,658 - main - accuracy_test: 0.7
2017-12-16 21:33:09,658 - main - classifier name: random_forest
2017-12-16 21:33:09,684 - main - fit_time: 0.0249998569489s
2017-12-16 21:33:09,690 - main - accuracy_train: 0.8125
2017-12-16 21:33:09,690 - main - accuracy_test: 0.7
2017-12-16 21:33:09,717 - main - X_train: 
[[  2.   2.   2.   2.   2.   8.   1.   2.   2.   5.   3.   0.   2.   1.   2.   1.   1.   1.   1.   6.]
 [  4.   1.   5.   0.   1.   2.   2.   3.   1.   1.   4.   3.   2.   2.   5.   4.   1.   1.   0.   1.]
 [  2.   0.   2.   1.   5.   0.   2.   4.   4.   6.   4.   1.   4.   5.   5.   4.   1.   2.   1.   4.]
 [  3.   4.   6.   0.   3.   0.   0.   4.   3.   2.   4.   3.   4.   4.   2.   2.   5.   1.   1.   1.]
 [  2.   1.   2.   3.   5.   1.   0.   2.   1.   5.   1.   4.   0.   4.   1.   2.   4.   3.   2.   1.]
 [  0.   2.   4.   3.   6.   3.   0.   4.   2.   3.   8.   0.   3.   3.   2.   7.   3.   0.   2.   2.]
 [  3.   3.   3.   0.   2.   5.   0.   8.   2.   0.   3.   1.   4.   5.   0.   2.   3.   2.   1.   2.]
 [  4.   1.   5.   2.   6.   2.   0.   0.   1.   4.   6.   3.   3.   4.   3.   3.   2.   2.   1.   5.]
 [  2.   2.   3.   1.   1.   3.   1.   0.   2.   3.   1.   2.   4.   3.   2.   3.   2.   2.   2.   4.]
 [  1.   1.   1.   2.   1.   2.   1.   0.   4.   5.   5.   6.   5.   4.   4.   6.   2.   2.   3.   1.]
 [  4.   0.   4.   0.   3.   6.   1.   1.   5.   5.   4.   3.   1.   2.   3.   1.   1.   5.   1.   5.]
 [  1.   2.   3.   1.   3.   2.   1.   3.   2.   2.   3.   2.   4.   2.   3.   0.   3.   1.   3.   2.]
 [  0.   3.   3.   1.   3.   5.   3.   2.   3.   3.   4.   1.   1.   3.   2.   3.   4.   1.   2.   2.]
 [  1.   1.   5.   1.   7.   1.   1.   1.   3.   1.   8.   2.   3.   1.   3.   0.   3.   1.   2.   4.]
 [  5.   2.   3.   2.   4.   2.   2.   1.   3.   2.   1.   3.   4.   3.   0.   1.   2.   1.   3.   2.]
 [  3.   2.   4.   1.   2.   2.   1.   5.   0.   3.   6.   2.   4.   3.   1.   6.   2.   0.   0.   3.]
 [  6.   1.   2.   1.   2.   5.   1.   1.   3.   5.   5.   1.   3.   2.   0.   0.   2.   1.   0.   4.]
 [  4.   2.   0.   1.   3.   2.   0.   4.   1.   4.   0.   2.   1.   2.   0.   4.   4.   2.   1.   4.]
 [  4.   1.   3.   1.   2.   3.   2.   2.   2.   1.   4.   4.   2.   2.   4.   2.   4.   1.   3.   3.]
 [  3.   0.   1.   4.   4.   4.   1.   3.   3.   1.   5.   2.   3.   6.   1.   3.   4.   3.   2.   0.]
 [  4.   3.   2.   2.   2.   2.   0.   3.   1.   3.   2.   6.   6.   2.   2.   3.   2.   1.   1.   1.]
 [  4.   0.   3.   5.   3.   5.   4.   5.   6.   3.   3.   2.   2.   2.   2.   2.   0.   2.   4.   3.]
 [  4.   3.   4.   2.   5.   1.   1.   2.   4.   2.   2.   2.   4.   6.   0.   3.   4.   2.   2.   4.]
 [  7.   3.   3.   0.   3.   0.   1.   1.   2.   4.   4.   0.   1.   1.   2.   4.   2.   4.   2.   2.]
 [  5.   2.   0.   2.   3.   1.   0.   5.   1.   2.   6.   5.   4.   3.   1.   2.   2.   2.   3.   3.]
 [  5.   1.   2.   0.   5.   3.   3.   4.   1.   1.   5.   2.   2.   2.   1.   3.   1.   0.   3.   3.]
 [  5.   2.   1.   5.   4.   5.   1.   1.   2.   0.   0.   3.   3.   3.   2.   2.   1.   0.   1.   3.]
 [  5.   3.   1.   3.   1.   1.   0.   3.   1.   2.   1.   1.   3.   1.   0.   5.   4.   2.   1.   2.]
 [  3.   2.   2.   0.   5.   5.   1.   5.   2.   0.   1.   5.   3.   7.   3.   6.   4.   0.   1.   1.]
 [  1.   2.   3.   0.   6.   3.   0.   5.   1.   3.   2.   2.   5.   3.   5.   0.   2.   2.   2.   4.]
 [  1.   1.   2.   2.   6.   1.   1.   1.   3.   1.   2.   6.   1.   5.   1.   2.   2.   2.   1.   4.]
 [  4.   3.   4.   0.   5.   1.   2.   3.   4.   2.   7.   3.   4.   4.   2.   3.   1.   3.   4.   3.]
 [  4.   1.   5.   1.   1.   3.   1.   2.   3.   6.   3.   2.   1.   6.   0.   3.   5.   2.   4.   2.]
 [  4.   1.   4.   1.   2.   4.   3.   3.   3.   1.   2.   1.   3.   6.   3.   0.   3.   1.   1.   1.]
 [  5.   4.   6.   2.   2.   2.   1.   3.   3.   3.   6.   2.   1.   4.   0.   1.   1.   1.   1.   2.]
 [  1.   1.   1.   2.   5.   3.   0.   1.   1.   6.   1.   4.   4.   6.   3.   0.   3.   2.   0.   6.]
 [  5.   2.   1.   0.   3.   1.   0.   0.   1.   1.   5.   4.   3.   3.   4.   3.   1.   0.   0.   2.]
 [  3.   2.   0.   2.   2.   3.   5.   0.   0.   2.   2.   4.   2.   4.   2.   8.   6.   1.   3.   3.]
 [  2.   4.   4.   1.   2.   4.   2.   0.   3.   2.   3.   3.   2.   0.   2.   4.   1.   4.   0.   4.]
 [  3.   5.   2.   0.   2.   1.   1.   5.   4.   3.   6.   2.   0.   1.   4.   2.   5.   3.   4.   3.]
 [  2.   3.   1.   1.   5.   3.   3.   2.   2.   3.   1.   3.   3.   4.   1.   3.   1.   1.   2.   0.]
 [  1.   2.   1.   2.   3.   1.   5.   5.   1.   4.   3.   5.   1.   2.   2.   2.   2.   1.   1.   0.]
 [  4.   1.   4.   2.   3.   7.   0.   2.   1.   2.   3.   3.   3.   5.   0.   6.   3.   3.   1.   2.]
 [  4.   0.   1.   3.   4.   2.   1.   3.   3.   3.   8.   2.   5.   4.   6.   6.   6.   1.   6.   2.]
 [  2.   1.   3.   0.   4.   0.   1.   3.   2.   3.   2.   2.   1.   5.   2.   3.   5.   1.   2.   6.]
 [  4.   1.   0.   0.   5.   4.   1.   3.   1.   1.   1.   4.   2.   0.   3.   3.   4.   2.   3.   3.]
 [  2.   3.   4.   4.   4.   1.   1.   3.   2.   2.   3.   3.   0.   3.   0.   4.   2.   3.   1.   3.]
 [  3.   2.   5.   0.   1.   3.   1.   2.   0.   4.   3.   1.   4.   5.   3.   3.   2.   1.   1.   4.]
 [  2.   4.   2.   4.   2.   2.   1.   4.   2.   2.   3.   7.   6.   4.   3.   3.   3.   1.   2.   3.]
 [  3.   2.   3.   2.   8.   5.   2.   3.   5.   4.   0.   2.   4.   4.   4.   1.   4.   3.   3.   5.]
 [  4.   2.   4.   1.   7.   3.   1.   5.   3.   2.   3.   3.   2.   2.   3.   2.   1.   1.   4.   1.]
 [  3.   3.   3.   1.   4.   5.   1.   2.   3.   7.   1.   6.   2.   3.   2.   2.   2.   3.   3.   2.]
 [  3.   3.   3.   3.   3.   3.   0.   3.   6.   0.   5.   0.   1.   2.   1.   3.   1.   2.   2.   0.]
 [  2.   4.   2.   0.   5.   3.   2.   0.   5.   6.   4.   1.   3.   2.   1.   3.   2.   4.   2.   1.]
 [  3.   2.   2.   1.   2.   2.   2.   1.   1.   4.   3.   3.   1.   0.   3.   4.   3.   4.   3.   2.]
 [  6.   3.   5.   1.   4.   2.   1.   4.   4.   1.   4.   3.   3.   4.   2.   1.   4.   1.   2.   1.]
 [  0.   1.   5.   0.   2.   3.   3.   2.   1.   4.   7.   3.   0.   2.   0.   4.   3.   2.   1.   1.]
 [  4.   0.   2.   3.   4.   0.   0.   2.   2.   4.   2.   5.   3.   4.   0.   2.   4.   4.   7.   2.]
 [  5.   2.   2.   3.   2.   6.   2.   5.   2.   3.   1.   4.   6.   5.   3.   1.   4.   1.   3.   0.]
 [  5.   1.   4.   4.   2.   1.   2.   3.   3.   0.   2.   3.   4.   3.   6.   3.   2.   3.   2.   2.]
 [  1.   2.   1.   0.   0.   2.   3.   3.   1.   0.   3.   1.   4.   2.   1.   3.   1.   1.   5.   4.]
 [  4.   0.   3.   4.   4.   4.   2.   4.   2.   1.   0.   1.   1.   3.   4.   5.   2.   3.   1.   4.]
 [  3.   3.   3.   1.   4.   3.   4.   5.   3.   3.   1.   1.   0.   6.   2.   3.   3.   1.   0.   2.]
 [  2.   3.   6.   2.   8.   3.   2.   7.   1.   1.   2.   7.   1.   3.   2.   1.   4.   1.   0.   2.]
 [  3.   1.   3.   1.   6.   1.   2.   3.   2.   3.   5.   2.   1.   0.   1.   0.   2.   2.   2.   4.]
 [  4.   0.   2.   3.   1.   4.   1.   0.   3.   2.   2.   2.   5.   0.   2.   3.   2.   3.   2.   4.]
 [  4.   4.   3.   2.   0.   4.   3.   5.   3.   4.   6.   3.   3.   5.   1.   3.   2.   1.   2.   2.]
 [  7.   3.   2.   1.   1.   2.   2.   1.   2.   3.   3.   5.   4.   3.   0.   3.   2.   1.   0.   4.]
 [  2.   2.   4.   1.   2.   3.   0.   5.   2.   2.   3.   3.   1.   2.   0.   0.   2.   3.   0.   0.]
 [  7.   2.   3.   1.   0.   6.   0.   4.   3.   1.   1.   2.   4.   2.   0.   5.   2.   2.   2.   2.]
 [  2.   3.   0.   3.   2.   4.   1.   3.   1.   2.   1.   1.   1.   2.   4.   2.   3.   0.   3.   3.]
 [  7.   2.   3.   3.   4.   0.   2.   2.   0.   2.   5.   3.   2.   3.   1.   4.   1.   0.   4.   0.]
 [  7.   0.   7.   2.   1.   3.   2.   2.   1.   1.   5.   1.   2.   3.   2.   2.   3.   2.   3.   1.]
 [  2.   4.   1.   2.   4.   1.   4.   3.   2.   3.   3.   1.   3.   3.   3.   2.   6.   2.   0.   1.]
 [ 10.   1.   2.   3.   0.   3.   0.   3.   1.   5.   3.   3.   0.   1.   3.   2.   2.   4.   1.   2.]
 [  1.   2.   3.   1.   4.   2.   3.   4.   3.   3.   3.   1.   0.   3.   0.   2.   2.   2.   2.   6.]
 [  1.   3.   4.   5.   2.   4.   1.   3.   2.   3.   5.   1.   4.   5.   1.   2.   2.   3.   4.   2.]
 [  6.   2.   4.   0.   1.   3.   1.   6.   1.   2.   4.   1.   7.   3.   2.   2.   1.   4.   1.   2.]
 [  4.   0.   2.   3.   3.   1.   4.   2.   2.   3.   2.   5.   4.   3.   1.   3.   2.   1.   0.   4.]
 [  2.   0.   5.   2.   3.   4.   2.   2.   4.   2.   3.   0.   4.   2.   2.   4.   1.   2.   1.   1.]]
2017-12-16 21:33:09,723 - main - y_train: 
[[1 1 1 1 1]
 [1 1 1 1 1]
 [1 1 1 1 1]
 [1 1 1 1 1]
 [1 0 1 1 1]
 [0 1 1 1 1]
 [1 1 1 1 1]
 [1 1 1 1 1]
 [1 1 1 1 1]
 [1 1 1 1 1]
 [1 1 1 1 1]
 [0 1 1 1 1]
 [1 1 1 1 1]
 [1 1 1 1 1]
 [1 1 1 1 1]
 [1 1 1 1 1]
 [0 1 1 1 1]
 [1 1 1 1 1]
 [1 1 1 1 1]
 [0 1 1 1 1]
 [1 1 1 1 1]
 [1 1 1 1 1]
 [1 1 1 1 1]
 [1 1 1 1 1]
 [1 1 1 1 1]
 [1 1 1 1 1]
 [1 1 1 1 1]
 [1 1 1 1 1]
 [1 1 1 1 1]
 [1 0 1 1 1]
 [1 1 1 1 1]
 [1 0 1 1 1]
 [1 1 1 1 1]
 [1 1 1 1 1]
 [0 1 1 1 0]
 [1 1 1 1 1]
 [1 1 1 1 1]
 [1 1 1 1 1]
 [1 1 1 1 1]
 [1 1 1 1 1]
 [1 1 1 1 1]
 [1 1 1 1 1]
 [0 1 1 1 1]
 [1 1 1 1 1]
 [0 0 1 1 1]
 [1 1 1 1 1]
 [1 1 1 1 1]
 [0 1 1 1 1]
 [1 1 1 1 1]
 [1 1 1 1 1]
 [1 1 1 1 1]
 [1 1 1 1 1]
 [1 1 1 1 1]
 [1 1 1 1 1]
 [1 1 1 1 1]
 [1 1 1 1 1]
 [1 1 1 1 1]
 [1 0 1 0 1]
 [1 1 1 1 1]
 [1 1 1 1 1]
 [1 1 1 1 1]
 [1 1 1 1 1]
 [1 1 1 1 1]
 [1 1 1 1 1]
 [1 1 1 0 1]
 [1 1 1 1 1]
 [0 1 1 1 1]
 [1 1 1 1 1]
 [1 1 1 1 1]
 [1 1 1 1 1]
 [1 1 1 1 1]
 [1 0 1 1 1]
 [1 1 1 1 1]
 [1 1 1 1 1]
 [1 1 1 1 1]
 [1 1 1 1 1]
 [1 1 1 1 1]
 [1 1 1 1 0]
 [1 1 1 1 1]
 [1 1 1 1 1]]
2017-12-16 21:33:09,732 - main - X_test: 
[[ 3.  3.  2.  3.  1.  3.  0.  2.  3.  1.  6.  2.  4.  4.  2.  1.  0.  3.  3.  4.]
 [ 0.  0.  1.  2.  5.  4.  0.  3.  0.  3.  2.  3.  4.  1.  3.  2.  1.  2.  3.  1.]
 [ 5.  3.  6.  0.  3.  6.  0.  3.  1.  2.  4.  4.  3.  4.  1.  3.  2.  3.  3.  3.]
 [ 1.  1.  1.  3.  1.  3.  0.  4.  1.  2.  0.  2.  1.  0.  6.  8.  5.  1.  3.  1.]
 [ 2.  2.  4.  1.  4.  1.  1.  6.  1.  2.  1.  1.  0.  3.  2.  3.  1.  0.  0.  4.]
 [ 5.  3.  4.  3.  2.  4.  1.  2.  2.  1.  6.  3.  2.  2.  2.  3.  3.  1.  1.  3.]
 [ 3.  2.  5.  2.  5.  2.  4.  6.  2.  1.  2.  1.  1.  3.  1.  3.  2.  2.  0.  3.]
 [ 2.  4.  0.  2.  3.  1.  2.  2.  0.  5.  5.  2.  1.  3.  2.  1.  4.  3.  0.  4.]
 [ 5.  4.  5.  1.  4.  2.  3.  8.  4.  2.  1.  4.  5.  4.  3.  3.  3.  1.  3.  4.]
 [ 6.  6.  2.  2.  1.  1.  1.  3.  2.  1.  2.  1.  3.  6.  2.  1.  1.  2.  2.  1.]
 [ 5.  2.  3.  3.  3.  6.  1.  2.  1.  0.  3.  0.  5.  2.  1.  4.  1.  0.  1.  2.]
 [ 3.  2.  1.  1.  1.  3.  2.  2.  7.  4.  2.  1.  4.  4.  1.  4.  5.  3.  1.  2.]
 [ 3.  3.  5.  3.  3.  3.  0.  2.  3.  1.  4.  3.  2.  3.  4.  3.  4.  1.  0.  2.]
 [ 3.  1.  2.  1.  2.  2.  3.  2.  3.  2.  8.  1.  3.  1.  5.  1.  6.  4.  0.  2.]
 [ 4.  3.  5.  2.  4.  8.  3.  3.  3.  1.  5.  5.  5.  3.  1.  1.  8.  2.  3.  1.]
 [ 5.  3.  2.  1.  2.  3.  0.  1.  0.  0.  5.  1.  2.  4.  2.  1.  0.  0.  2.  1.]
 [ 5.  0.  1.  1.  4.  3.  1.  4.  1.  4.  3.  3.  3.  3.  3.  3.  2.  3.  3.  3.]
 [ 0.  6.  1.  1.  2.  3.  1.  6.  3.  1.  1.  0.  3.  2.  4.  6.  3.  1.  4.  4.]
 [ 4.  0.  3.  2.  3.  4.  1.  3.  1.  3.  4.  0.  5.  3.  1.  0.  2.  2.  0.  3.]
 [ 7.  6.  6.  2.  2.  3.  0.  7.  2.  2.  4.  3.  3.  5.  2.  5.  1.  0.  2.  2.]]
2017-12-16 21:33:09,733 - main - y_test: 
[[0 0 1 1 1]
 [1 1 1 1 1]
 [1 1 1 1 1]
 [1 1 1 1 1]
 [1 1 1 1 1]
 [1 1 1 1 1]
 [1 1 1 1 1]
 [1 1 1 1 1]
 [1 1 1 1 1]
 [0 0 1 1 1]
 [0 0 1 1 1]
 [0 1 1 1 1]
 [1 1 1 1 1]
 [1 1 1 1 1]
 [0 1 0 1 1]
 [1 1 1 1 1]
 [1 1 1 1 1]
 [1 1 1 1 1]
 [0 0 1 1 1]
 [1 1 1 1 1]]
2017-12-16 21:33:09,734 - main - ***************************************************************************
