2017-12-16 21:25:04,121 - main - dataset_name: yeast
2017-12-16 21:25:09,950 - main - classifier name: binary_relevance
2017-12-16 21:25:09,951 - main - accuracy_train: 0.115333333333
2017-12-16 21:25:09,951 - main - accuracy_test: 0.103598691385
2017-12-16 21:25:10,220 - main - classifier name: classifier_chain
2017-12-16 21:25:10,220 - main - accuracy_train: 0.118
2017-12-16 21:25:10,220 - main - accuracy_test: 0.092693565976
2017-12-16 21:25:10,984 - main - classifier name: label_powerset
2017-12-16 21:25:10,986 - main - accuracy_train: 0.592666666667
2017-12-16 21:25:10,986 - main - accuracy_test: 0.186477644493
2017-12-16 21:25:11,611 - main - classifier name: decision_tree
2017-12-16 21:25:11,615 - main - accuracy_train: 1.0
2017-12-16 21:25:11,615 - main - accuracy_test: 0.101417666303
2017-12-16 21:25:16,822 - main - classifier name: knn
2017-12-16 21:25:16,823 - main - accuracy_train: 0.204666666667
2017-12-16 21:25:16,825 - main - accuracy_test: 0.181025081788
2017-12-16 21:25:16,970 - main - classifier name: random_forest
2017-12-16 21:25:16,971 - main - accuracy_train: 0.0413333333333
2017-12-16 21:25:16,973 - main - accuracy_test: 0.0479825517993
2017-12-16 21:25:16,973 - main - ***************************************************************************
2017-12-16 21:33:01,969 - main - dataset_name: yeast
2017-12-16 21:33:01,970 - main - classifier name: binary_relevance
2017-12-16 21:33:13,516 - main - dataset_name: yeast
2017-12-16 21:33:13,516 - main - classifier name: binary_relevance
2017-12-16 21:33:13,596 - main - fit_time: 0.0799999237061s
2017-12-16 21:33:13,703 - main - accuracy_train: 0.115333333333
2017-12-16 21:33:13,703 - main - accuracy_test: 0.103598691385
2017-12-16 21:33:13,704 - main - classifier name: classifier_chain
2017-12-16 21:33:13,803 - main - fit_time: 0.0979998111725s
2017-12-16 21:33:13,971 - main - accuracy_train: 0.118
2017-12-16 21:33:13,973 - main - accuracy_test: 0.092693565976
2017-12-16 21:33:13,973 - main - classifier name: label_powerset
2017-12-16 21:33:14,016 - main - fit_time: 0.0429999828339s
2017-12-16 21:33:14,729 - main - accuracy_train: 0.592666666667
2017-12-16 21:33:14,729 - main - accuracy_test: 0.186477644493
2017-12-16 21:33:14,729 - main - classifier name: decision_tree
2017-12-16 21:33:15,352 - main - fit_time: 0.62299990654s
2017-12-16 21:33:15,361 - main - accuracy_train: 1.0
2017-12-16 21:33:15,362 - main - accuracy_test: 0.101417666303
2017-12-16 21:33:15,362 - main - classifier name: knn
2017-12-16 21:33:17,680 - main - fit_time: 2.31500005722s
2017-12-16 21:33:20,599 - main - accuracy_train: 0.204666666667
2017-12-16 21:33:20,601 - main - accuracy_test: 0.181025081788
2017-12-16 21:33:20,601 - main - classifier name: random_forest
2017-12-16 21:33:20,710 - main - fit_time: 0.108000040054s
2017-12-16 21:33:20,750 - main - accuracy_train: 0.0413333333333
2017-12-16 21:33:20,750 - main - accuracy_test: 0.0479825517993
2017-12-16 21:33:20,750 - main - ***************************************************************************
